<?xml version="1.0" encoding="UTF-8"?>
<!-- Generated by org.testng.reporters.JUnitXMLReporter -->
<testsuite ignored="0" hostname="Faheem-Ahmed-Dell" failures="2" tests="2" name="DropdownTest" time="7.238" errors="0" timestamp="2024-11-05T01:37:48 PKT">
  <testcase classname="tests.DropdownTest" name="testSingleDropdown" time="0.708">
    <failure type="java.lang.NullPointerException" message="Cannot invoke &amp;quot;pages.DropdownPage.selectSingleDropdown(String)&amp;quot; because &amp;quot;this.dropdownPage&amp;quot; is null">
      <![CDATA[java.lang.NullPointerException: Cannot invoke "pages.DropdownPage.selectSingleDropdown(String)" because "this.dropdownPage" is null
at tests.DropdownTest.testSingleDropdown(DropdownTest.java:17)
at java.base/java.util.ArrayList.forEach(ArrayList.java:1597)
... Removed 25 stack frames]]>
    </failure>
  </testcase> <!-- testSingleDropdown -->
  <testcase classname="tests.DropdownTest" name="testMultipleDropdown" time="0.22">
    <failure type="java.lang.NullPointerException" message="Cannot invoke &amp;quot;pages.DropdownPage.selectMultipleDropdown(String[])&amp;quot; because &amp;quot;this.dropdownPage&amp;quot; is null">
      <![CDATA[java.lang.NullPointerException: Cannot invoke "pages.DropdownPage.selectMultipleDropdown(String[])" because "this.dropdownPage" is null
at tests.DropdownTest.testMultipleDropdown(DropdownTest.java:28)
at java.base/java.util.ArrayList.forEach(ArrayList.java:1597)
... Removed 25 stack frames]]>
    </failure>
  </testcase> <!-- testMultipleDropdown -->
</testsuite> <!-- DropdownTest -->
