<?xml version="1.0" encoding="UTF-8"?>
<!-- Generated by org.testng.reporters.JUnitXMLReporter -->
<testsuite ignored="0" hostname="Faheem-Ahmed-Dell" failures="1" tests="1" name="LaunchBrowserTest" time="8.58" errors="0" timestamp="2024-11-05T01:37:41 PKT">
  <testcase classname="tests.LaunchBrowserTest" name="verifyPageTitle" time="0.703">
    <failure type="java.lang.NullPointerException" message="Cannot invoke &amp;quot;pages.LaunchBrowserPage.getPageTitle()&amp;quot; because &amp;quot;this.launchBrowserPage&amp;quot; is null">
      <![CDATA[java.lang.NullPointerException: Cannot invoke "pages.LaunchBrowserPage.getPageTitle()" because "this.launchBrowserPage" is null
at tests.LaunchBrowserTest.verifyPageTitle(LaunchBrowserTest.java:12)
at java.base/java.util.ArrayList.forEach(ArrayList.java:1597)
... Removed 25 stack frames]]>
    </failure>
  </testcase> <!-- verifyPageTitle -->
</testsuite> <!-- LaunchBrowserTest -->
