<?xml version="1.0" encoding="UTF-8"?>
<testng-results ignored="0" total="2" passed="2" failed="0" skipped="0">
  <reporter-output>
  </reporter-output>
  <suite started-at="2024-11-06T23:12:25 PKT" name="SauceDemo(TASK3)" finished-at="2024-11-06T23:12:34 PKT" duration-ms="9197">
    <groups>
    </groups>
    <test started-at="2024-11-06T23:12:25 PKT" name="Test" finished-at="2024-11-06T23:12:34 PKT" duration-ms="9197">
      <class name="tests.task3.LoginTest">
        <test-method is-config="true" signature="setUp()[pri:0, instance:tests.task3.LoginTest@b62d79]" started-at="2024-11-06T23:12:25 PKT" name="setUp" finished-at="2024-11-06T23:12:28 PKT" duration-ms="3328" status="PASS">
          <reporter-output>
          </reporter-output>
        </test-method> <!-- setUp -->
        <test-method signature="invalidLogin()[pri:0, instance:tests.task3.LoginTest@b62d79]" started-at="2024-11-06T23:12:28 PKT" name="invalidLogin" finished-at="2024-11-06T23:12:28 PKT" duration-ms="236" status="PASS">
          <reporter-output>
          </reporter-output>
        </test-method> <!-- invalidLogin -->
        <test-method is-config="true" signature="tearDownClass()[pri:0, instance:tests.task3.LoginTest@b62d79]" started-at="2024-11-06T23:12:28 PKT" name="tearDownClass" finished-at="2024-11-06T23:12:30 PKT" duration-ms="1218" status="PASS">
          <reporter-output>
          </reporter-output>
        </test-method> <!-- tearDownClass -->
        <test-method is-config="true" signature="setUp()[pri:0, instance:tests.task3.LoginTest@b62d79]" started-at="2024-11-06T23:12:30 PKT" name="setUp" finished-at="2024-11-06T23:12:32 PKT" duration-ms="2777" status="PASS">
          <reporter-output>
          </reporter-output>
        </test-method> <!-- setUp -->
        <test-method signature="validLogin()[pri:0, instance:tests.task3.LoginTest@b62d79]" started-at="2024-11-06T23:12:32 PKT" name="validLogin" finished-at="2024-11-06T23:12:33 PKT" duration-ms="215" status="PASS">
          <reporter-output>
          </reporter-output>
        </test-method> <!-- validLogin -->
        <test-method is-config="true" signature="tearDownClass()[pri:0, instance:tests.task3.LoginTest@b62d79]" started-at="2024-11-06T23:12:33 PKT" name="tearDownClass" finished-at="2024-11-06T23:12:34 PKT" duration-ms="1221" status="PASS">
          <reporter-output>
          </reporter-output>
        </test-method> <!-- tearDownClass -->
      </class> <!-- tests.task3.LoginTest -->
    </test> <!-- Test -->
  </suite> <!-- SauceDemo(TASK3) -->
</testng-results>
