<?xml version="1.0" encoding="UTF-8"?>
<testng-results ignored="0" total="2" passed="2" failed="0" skipped="0">
  <reporter-output>
  </reporter-output>
  <suite started-at="2024-11-07T00:38:38 PKT" name="SauceDemo(TASK3)" finished-at="2024-11-07T00:38:50 PKT" duration-ms="12617">
    <groups>
    </groups>
    <test started-at="2024-11-07T00:38:38 PKT" name="Test" finished-at="2024-11-07T00:38:50 PKT" duration-ms="12617">
      <class name="tests.task3.LoginTest">
        <test-method is-config="true" signature="setUp()[pri:0, instance:tests.task3.LoginTest@b62d79]" started-at="2024-11-07T00:38:38 PKT" name="setUp" finished-at="2024-11-07T00:38:44 PKT" duration-ms="6155" status="PASS">
          <reporter-output>
          </reporter-output>
        </test-method> <!-- setUp -->
        <test-method signature="invalidLogin()[pri:0, instance:tests.task3.LoginTest@b62d79]" started-at="2024-11-07T00:38:44 PKT" name="invalidLogin" finished-at="2024-11-07T00:38:44 PKT" duration-ms="274" status="PASS">
          <reporter-output>
          </reporter-output>
        </test-method> <!-- invalidLogin -->
        <test-method is-config="true" signature="tearDownClass()[pri:0, instance:tests.task3.LoginTest@b62d79]" started-at="2024-11-07T00:38:44 PKT" name="tearDownClass" finished-at="2024-11-07T00:38:45 PKT" duration-ms="1239" status="PASS">
          <reporter-output>
          </reporter-output>
        </test-method> <!-- tearDownClass -->
        <test-method is-config="true" signature="setUp()[pri:0, instance:tests.task3.LoginTest@b62d79]" started-at="2024-11-07T00:38:45 PKT" name="setUp" finished-at="2024-11-07T00:38:49 PKT" duration-ms="3194" status="PASS">
          <reporter-output>
          </reporter-output>
        </test-method> <!-- setUp -->
        <test-method signature="validLogin()[pri:0, instance:tests.task3.LoginTest@b62d79]" started-at="2024-11-07T00:38:49 PKT" name="validLogin" finished-at="2024-11-07T00:38:49 PKT" duration-ms="276" status="PASS">
          <reporter-output>
          </reporter-output>
        </test-method> <!-- validLogin -->
        <test-method is-config="true" signature="tearDownClass()[pri:0, instance:tests.task3.LoginTest@b62d79]" started-at="2024-11-07T00:38:49 PKT" name="tearDownClass" finished-at="2024-11-07T00:38:50 PKT" duration-ms="1239" status="PASS">
          <reporter-output>
          </reporter-output>
        </test-method> <!-- tearDownClass -->
      </class> <!-- tests.task3.LoginTest -->
    </test> <!-- Test -->
  </suite> <!-- SauceDemo(TASK3) -->
</testng-results>
